<?xml version="1.0" encoding="UTF-8"?>
<!-- Generated by org.testng.reporters.JUnitReportReporter -->
<testsuite hostname="WELCOME" failures="0" tests="3" name="com.automationversion1.testng.ERPAplication" time="0.038" errors="0" timestamp="2023-08-16T13:05:17 PDT" skipped="1">
  <testcase classname="com.automationversion1.testng.ERPAplication" name="addEmployee" time="0.027"/>
  <testcase classname="com.automationversion1.testng.ERPAplication" name="updateEmployee" time="0.011"/>
  <testcase classname="com.automationversion1.testng.ERPAplication" name="deletEmployee">
    <skipped/>
  </testcase> <!-- deletEmployee -->
</testsuite> <!-- com.automationversion1.testng.ERPAplication -->
