<?xml version="1.0" encoding="UTF-8"?>
<!-- Generated by org.testng.reporters.JUnitReportReporter -->
<testsuite hostname="WELCOME" failures="0" tests="3" name="com.automationversion1.testng.EcommersTestingUsingTestng" time="0.056" errors="0" timestamp="2023-08-16T12:47:38 PDT" skipped="0">
  <testcase classname="com.automationversion1.testng.EcommersTestingUsingTestng" name="searchproduct" time="0.025"/>
  <testcase classname="com.automationversion1.testng.EcommersTestingUsingTestng" name="addtocart" time="0.015"/>
  <testcase classname="com.automationversion1.testng.EcommersTestingUsingTestng" name="checkOutProduct" time="0.016"/>
</testsuite> <!-- com.automationversion1.testng.EcommersTestingUsingTestng -->
